This file contains any messages produced by compilers while
running configure, to aid debugging if configure makes a mistake.

It was created by PhyML configure 3.3.20241207, which was
generated by GNU Autoconf 2.71.  Invocation command line was

  $ ./configure --enable-phyml

## --------- ##
## Platform. ##
## --------- ##

hostname = brehelin
uname -m = x86_64
uname -r = 6.8.0-52-generic
uname -s = Linux
uname -v = #53~22.04.1-Ubuntu SMP PREEMPT_DYNAMIC Wed Jan 15 19:18:46 UTC 2

/usr/bin/uname -p = x86_64
/bin/uname -X     = unknown

/bin/arch              = x86_64
/usr/bin/arch -k       = unknown
/usr/convex/getsysinfo = unknown
/usr/bin/hostinfo      = unknown
/bin/machine           = unknown
/usr/bin/oslevel       = unknown
/bin/universe          = unknown

PATH: /opt/intel/oneapi/vtune/2025.0/bin64/
PATH: /usr/lib/openmpi/bin/
PATH: /home/christophe/go/bin/
PATH: /home/christophe/.local/bin/
PATH: /usr/local/sbin/
PATH: /usr/local/bin/
PATH: /usr/sbin/
PATH: /usr/bin/
PATH: /sbin/
PATH: /bin/
PATH: /usr/games/
PATH: /usr/local/games/
PATH: /snap/bin/
PATH: /snap/bin/


## ----------- ##
## Core tests. ##
## ----------- ##

configure:2456: looking for aux files: compile config.guess config.sub missing install-sh
configure:2469:  trying ./
configure:2498:   ./compile found
configure:2498:   ./config.guess found
configure:2498:   ./config.sub found
configure:2498:   ./missing found
configure:2480:   ./install-sh found
configure:2627: checking for a BSD-compatible install
configure:2700: result: /usr/bin/install -c
configure:2711: checking whether build environment is sane
configure:2766: result: yes
configure:2925: checking for a race-free mkdir -p
configure:2969: result: /usr/bin/mkdir -p
configure:2976: checking for gawk
configure:3011: result: no
configure:2976: checking for mawk
configure:2997: found /usr/bin/mawk
configure:3008: result: mawk
configure:3019: checking whether make sets $(MAKE)
configure:3042: result: yes
configure:3072: checking whether make supports nested variables
configure:3090: result: yes
configure:3243: checking build system type
configure:3258: result: x86_64-pc-linux-gnu
configure:3278: checking host system type
configure:3292: result: x86_64-pc-linux-gnu
configure:3381: checking for gcc
configure:3402: found /usr/bin/gcc
configure:3413: result: gcc
configure:3444: checking for C compiler version
configure:3453: gcc --version >&5
gcc (Ubuntu 11.4.0-1ubuntu1~22.04) 11.4.0
Copyright (C) 2021 Free Software Foundation, Inc.
This is free software; see the source for copying conditions.  There is NO
warranty; not even for MERCHANTABILITY or FITNESS FOR A PARTICULAR PURPOSE.

configure:3464: $? = 0
configure:3453: gcc -v >&5
Using built-in specs.
COLLECT_GCC=gcc
COLLECT_LTO_WRAPPER=/usr/lib/gcc/x86_64-linux-gnu/11/lto-wrapper
OFFLOAD_TARGET_NAMES=nvptx-none:amdgcn-amdhsa
OFFLOAD_TARGET_DEFAULT=1
Target: x86_64-linux-gnu
Configured with: ../src/configure -v --with-pkgversion='Ubuntu 11.4.0-1ubuntu1~22.04' --with-bugurl=file:///usr/share/doc/gcc-11/README.Bugs --enable-languages=c,ada,c++,go,brig,d,fortran,objc,obj-c++,m2 --prefix=/usr --with-gcc-major-version-only --program-suffix=-11 --program-prefix=x86_64-linux-gnu- --enable-shared --enable-linker-build-id --libexecdir=/usr/lib --without-included-gettext --enable-threads=posix --libdir=/usr/lib --enable-nls --enable-bootstrap --enable-clocale=gnu --enable-libstdcxx-debug --enable-libstdcxx-time=yes --with-default-libstdcxx-abi=new --enable-gnu-unique-object --disable-vtable-verify --enable-plugin --enable-default-pie --with-system-zlib --enable-libphobos-checking=release --with-target-system-zlib=auto --enable-objc-gc=auto --enable-multiarch --disable-werror --enable-cet --with-arch-32=i686 --with-abi=m64 --with-multilib-list=m32,m64,mx32 --enable-multilib --with-tune=generic --enable-offload-targets=nvptx-none=/build/gcc-11-XeT9lY/gcc-11-11.4.0/debian/tmp-nvptx/usr,amdgcn-amdhsa=/build/gcc-11-XeT9lY/gcc-11-11.4.0/debian/tmp-gcn/usr --without-cuda-driver --enable-checking=release --build=x86_64-linux-gnu --host=x86_64-linux-gnu --target=x86_64-linux-gnu --with-build-config=bootstrap-lto-lean --enable-link-serialization=2
Thread model: posix
Supported LTO compression algorithms: zlib zstd
gcc version 11.4.0 (Ubuntu 11.4.0-1ubuntu1~22.04) 
... rest of stderr output deleted ...
configure:3464: $? = 0
configure:3453: gcc -V >&5
gcc: error: unrecognized command-line option '-V'
gcc: fatal error: no input files
compilation terminated.
configure:3464: $? = 1
configure:3453: gcc -qversion >&5
gcc: error: unrecognized command-line option '-qversion'; did you mean '--version'?
gcc: fatal error: no input files
compilation terminated.
configure:3464: $? = 1
configure:3453: gcc -version >&5
gcc: error: unrecognized command-line option '-version'
gcc: fatal error: no input files
compilation terminated.
configure:3464: $? = 1
configure:3484: checking whether the C compiler works
configure:3506: gcc    conftest.c  >&5
configure:3510: $? = 0
configure:3560: result: yes
configure:3563: checking for C compiler default output file name
configure:3565: result: a.out
configure:3571: checking for suffix of executables
configure:3578: gcc -o conftest    conftest.c  >&5
configure:3582: $? = 0
configure:3605: result: 
configure:3627: checking whether we are cross compiling
configure:3635: gcc -o conftest    conftest.c  >&5
configure:3639: $? = 0
configure:3646: ./conftest
configure:3650: $? = 0
configure:3665: result: no
configure:3670: checking for suffix of object files
configure:3693: gcc -c   conftest.c >&5
configure:3697: $? = 0
configure:3719: result: o
configure:3723: checking whether the compiler supports GNU C
configure:3743: gcc -c   conftest.c >&5
configure:3743: $? = 0
configure:3753: result: yes
configure:3764: checking whether gcc accepts -g
configure:3785: gcc -c -g  conftest.c >&5
configure:3785: $? = 0
configure:3829: result: yes
configure:3849: checking for gcc option to enable C11 features
configure:3864: gcc  -c -g -O2  conftest.c >&5
configure:3864: $? = 0
configure:3882: result: none needed
configure:3998: checking whether gcc understands -c and -o together
configure:4021: gcc -c conftest.c -o conftest2.o
configure:4024: $? = 0
configure:4021: gcc -c conftest.c -o conftest2.o
configure:4024: $? = 0
configure:4036: result: yes
configure:4056: checking whether make supports the include directive
configure:4071: make -f confmf.GNU && cat confinc.out
this is the am__doit target
configure:4074: $? = 0
configure:4093: result: yes (GNU style)
configure:4119: checking dependency style of gcc
configure:4231: result: gcc3
configure:4260: "gcc"
configure:4266: checking for log in -lm
configure:4289: gcc -o conftest -g -O2   conftest.c -lm   >&5
conftest.c:17:6: warning: conflicting types for built-in function 'log'; expected 'double(double)' [-Wbuiltin-declaration-mismatch]
   17 | char log ();
      |      ^~~
conftest.c:1:1: note: 'log' is declared in header '<math.h>'
    1 | /* confdefs.h */
configure:4289: $? = 0
configure:4299: result: yes
configure:4315: checking for stdio.h
configure:4315: gcc -c -g -O2  conftest.c >&5
configure:4315: $? = 0
configure:4315: result: yes
configure:4315: checking for stdlib.h
configure:4315: gcc -c -g -O2  conftest.c >&5
configure:4315: $? = 0
configure:4315: result: yes
configure:4315: checking for string.h
configure:4315: gcc -c -g -O2  conftest.c >&5
configure:4315: $? = 0
configure:4315: result: yes
configure:4315: checking for inttypes.h
configure:4315: gcc -c -g -O2  conftest.c >&5
configure:4315: $? = 0
configure:4315: result: yes
configure:4315: checking for stdint.h
configure:4315: gcc -c -g -O2  conftest.c >&5
configure:4315: $? = 0
configure:4315: result: yes
configure:4315: checking for strings.h
configure:4315: gcc -c -g -O2  conftest.c >&5
configure:4315: $? = 0
configure:4315: result: yes
configure:4315: checking for sys/stat.h
configure:4315: gcc -c -g -O2  conftest.c >&5
configure:4315: $? = 0
configure:4315: result: yes
configure:4315: checking for sys/types.h
configure:4315: gcc -c -g -O2  conftest.c >&5
configure:4315: $? = 0
configure:4315: result: yes
configure:4315: checking for unistd.h
configure:4315: gcc -c -g -O2  conftest.c >&5
configure:4315: $? = 0
configure:4315: result: yes
configure:4340: checking for grep that handles long lines and -e
configure:4404: result: /usr/bin/grep
configure:4412: checking for egrep
configure:4480: result: /usr/bin/grep -E
configure:4486: checking for float.h
configure:4486: gcc -c -g -O2  conftest.c >&5
configure:4486: $? = 0
configure:4486: result: yes
configure:4492: checking for stdlib.h
configure:4492: result: yes
configure:4498: checking for string.h
configure:4498: result: yes
configure:4504: checking for unistd.h
configure:4504: result: yes
configure:4513: checking for an ANSI C-conforming const
configure:4580: gcc -c -g -O2  conftest.c >&5
configure:4580: $? = 0
configure:4588: result: yes
configure:4596: checking for inline
configure:4613: gcc -c -g -O2  conftest.c >&5
configure:4613: $? = 0
configure:4622: result: inline
configure:4640: checking for size_t
configure:4640: gcc -c -g -O2  conftest.c >&5
configure:4640: $? = 0
configure:4640: gcc -c -g -O2  conftest.c >&5
conftest.c: In function 'main':
conftest.c:59:21: error: expected expression before ')' token
   59 | if (sizeof ((size_t)))
      |                     ^
configure:4640: $? = 1
configure: failed program was:
| /* confdefs.h */
| #define PACKAGE_NAME "PhyML"
| #define PACKAGE_TARNAME "phyml"
| #define PACKAGE_VERSION "3.3.20241207"
| #define PACKAGE_STRING "PhyML 3.3.20241207"
| #define PACKAGE_BUGREPORT "stephane.guindon@lirmm.fr"
| #define PACKAGE_URL ""
| #define PACKAGE "phyml"
| #define VERSION "3.3.20241207"
| #define UNIX 1
| #define DEBUG 1
| #define HAVE_LIBM 1
| #define HAVE_STDIO_H 1
| #define HAVE_STDLIB_H 1
| #define HAVE_STRING_H 1
| #define HAVE_INTTYPES_H 1
| #define HAVE_STDINT_H 1
| #define HAVE_STRINGS_H 1
| #define HAVE_SYS_STAT_H 1
| #define HAVE_SYS_TYPES_H 1
| #define HAVE_UNISTD_H 1
| #define STDC_HEADERS 1
| #define HAVE_FLOAT_H 1
| #define HAVE_STDLIB_H 1
| #define HAVE_STRING_H 1
| #define HAVE_UNISTD_H 1
| /* end confdefs.h.  */
| #include <stddef.h>
| #ifdef HAVE_STDIO_H
| # include <stdio.h>
| #endif
| #ifdef HAVE_STDLIB_H
| # include <stdlib.h>
| #endif
| #ifdef HAVE_STRING_H
| # include <string.h>
| #endif
| #ifdef HAVE_INTTYPES_H
| # include <inttypes.h>
| #endif
| #ifdef HAVE_STDINT_H
| # include <stdint.h>
| #endif
| #ifdef HAVE_STRINGS_H
| # include <strings.h>
| #endif
| #ifdef HAVE_SYS_TYPES_H
| # include <sys/types.h>
| #endif
| #ifdef HAVE_SYS_STAT_H
| # include <sys/stat.h>
| #endif
| #ifdef HAVE_UNISTD_H
| # include <unistd.h>
| #endif
| int
| main (void)
| {
| if (sizeof ((size_t)))
| 	    return 0;
|   ;
|   return 0;
| }
configure:4640: result: yes
configure:4656: checking for pdflatex
configure:4677: found /usr/bin/pdflatex
configure:4688: result: pdflatex
configure:4704: checking for latex
configure:4725: found /usr/bin/latex
configure:4736: result: latex
configure:4764: checking for GNU libc compatible malloc
configure:4796: gcc -o conftest -g -O2   conftest.c -lm  >&5
configure:4796: $? = 0
configure:4796: ./conftest
configure:4796: $? = 0
configure:4807: result: yes
configure:4829: checking for GNU libc compatible realloc
configure:4861: gcc -o conftest -g -O2   conftest.c -lm  >&5
configure:4861: $? = 0
configure:4861: ./conftest
configure:4861: $? = 0
configure:4872: result: yes
configure:4906: checking for vprintf
configure:4906: gcc -o conftest -g -O2   conftest.c -lm  >&5
conftest.c:46:6: warning: conflicting types for built-in function 'vprintf'; expected 'int(const char *, __va_list_tag *)' [-Wbuiltin-declaration-mismatch]
   46 | char vprintf ();
      |      ^~~~~~~
conftest.c:38:1: note: 'vprintf' is declared in header '<stdio.h>'
   37 | #include <limits.h>
   38 | #undef vprintf
configure:4906: $? = 0
configure:4906: result: yes
configure:4927: checking for floor
configure:4927: gcc -o conftest -g -O2   conftest.c -lm  >&5
conftest.c:47:6: warning: conflicting types for built-in function 'floor'; expected 'double(double)' [-Wbuiltin-declaration-mismatch]
   47 | char floor ();
      |      ^~~~~
conftest.c:39:1: note: 'floor' is declared in header '<math.h>'
   38 | #include <limits.h>
   39 | #undef floor
configure:4927: $? = 0
configure:4927: result: yes
configure:4933: checking for pow
configure:4933: gcc -o conftest -g -O2   conftest.c -lm  >&5
conftest.c:48:6: warning: conflicting types for built-in function 'pow'; expected 'double(double,  double)' [-Wbuiltin-declaration-mismatch]
   48 | char pow ();
      |      ^~~
conftest.c:40:1: note: 'pow' is declared in header '<math.h>'
   39 | #include <limits.h>
   40 | #undef pow
configure:4933: $? = 0
configure:4933: result: yes
configure:4939: checking for rint
configure:4939: gcc -o conftest -g -O2   conftest.c -lm  >&5
conftest.c:49:6: warning: conflicting types for built-in function 'rint'; expected 'double(double)' [-Wbuiltin-declaration-mismatch]
   49 | char rint ();
      |      ^~~~
conftest.c:41:1: note: 'rint' is declared in header '<math.h>'
   40 | #include <limits.h>
   41 | #undef rint
configure:4939: $? = 0
configure:4939: result: yes
configure:4945: checking for sqrt
configure:4945: gcc -o conftest -g -O2   conftest.c -lm  >&5
conftest.c:50:6: warning: conflicting types for built-in function 'sqrt'; expected 'double(double)' [-Wbuiltin-declaration-mismatch]
   50 | char sqrt ();
      |      ^~~~
conftest.c:42:1: note: 'sqrt' is declared in header '<math.h>'
   41 | #include <limits.h>
   42 | #undef sqrt
configure:4945: $? = 0
configure:4945: result: yes
configure:4951: checking for strchr
configure:4951: gcc -o conftest -g -O2   conftest.c -lm  >&5
conftest.c:51:6: warning: conflicting types for built-in function 'strchr'; expected 'char *(const char *, int)' [-Wbuiltin-declaration-mismatch]
   51 | char strchr ();
      |      ^~~~~~
conftest.c:43:1: note: 'strchr' is declared in header '<string.h>'
   42 | #include <limits.h>
   43 | #undef strchr
configure:4951: $? = 0
configure:4951: result: yes
configure:4957: checking for strstr
configure:4957: gcc -o conftest -g -O2   conftest.c -lm  >&5
conftest.c:52:6: warning: conflicting types for built-in function 'strstr'; expected 'char *(const char *, const char *)' [-Wbuiltin-declaration-mismatch]
   52 | char strstr ();
      |      ^~~~~~
conftest.c:44:1: note: 'strstr' is declared in header '<string.h>'
   43 | #include <limits.h>
   44 | #undef strstr
configure:4957: $? = 0
configure:4957: result: yes
configure:5410: checking that generated files are newer than configure
configure:5416: result: done
configure:5487: creating ./config.status

## ---------------------- ##
## Running config.status. ##
## ---------------------- ##

This file was extended by PhyML config.status 3.3.20241207, which was
generated by GNU Autoconf 2.71.  Invocation command line was

  CONFIG_FILES    = 
  CONFIG_HEADERS  = 
  CONFIG_LINKS    = 
  CONFIG_COMMANDS = 
  $ ./config.status 

on brehelin

config.status:902: creating Makefile
config.status:902: creating src/Makefile
config.status:902: creating doc/Makefile
config.status:902: creating config.h
config.status:1083: config.h is unchanged
config.status:1131: executing depfiles commands
config.status:1208: cd src       && sed -e '/# am--include-marker/d' Makefile         | make -f - am--depfiles
make: Nothing to be done for 'am--depfiles'.
config.status:1213: $? = 0

## ---------------- ##
## Cache variables. ##
## ---------------- ##

ac_cv_build=x86_64-pc-linux-gnu
ac_cv_c_compiler_gnu=yes
ac_cv_c_const=yes
ac_cv_c_inline=inline
ac_cv_env_CC_set=
ac_cv_env_CC_value=
ac_cv_env_CFLAGS_set=
ac_cv_env_CFLAGS_value=
ac_cv_env_CPPFLAGS_set=
ac_cv_env_CPPFLAGS_value=
ac_cv_env_LDFLAGS_set=
ac_cv_env_LDFLAGS_value=
ac_cv_env_LIBS_set=
ac_cv_env_LIBS_value=
ac_cv_env_build_alias_set=
ac_cv_env_build_alias_value=
ac_cv_env_host_alias_set=
ac_cv_env_host_alias_value=
ac_cv_env_target_alias_set=
ac_cv_env_target_alias_value=
ac_cv_func_floor=yes
ac_cv_func_malloc_0_nonnull=yes
ac_cv_func_pow=yes
ac_cv_func_realloc_0_nonnull=yes
ac_cv_func_rint=yes
ac_cv_func_setvbuf_reversed=no
ac_cv_func_sqrt=yes
ac_cv_func_strchr=yes
ac_cv_func_strstr=yes
ac_cv_func_vprintf=yes
ac_cv_header_float_h=yes
ac_cv_header_inttypes_h=yes
ac_cv_header_stdint_h=yes
ac_cv_header_stdio_h=yes
ac_cv_header_stdlib_h=yes
ac_cv_header_string_h=yes
ac_cv_header_strings_h=yes
ac_cv_header_sys_stat_h=yes
ac_cv_header_sys_types_h=yes
ac_cv_header_unistd_h=yes
ac_cv_host=x86_64-pc-linux-gnu
ac_cv_lib_m_log=yes
ac_cv_objext=o
ac_cv_path_EGREP='/usr/bin/grep -E'
ac_cv_path_GREP=/usr/bin/grep
ac_cv_path_install='/usr/bin/install -c'
ac_cv_path_mkdir=/usr/bin/mkdir
ac_cv_prog_AWK=mawk
ac_cv_prog_LATEX=latex
ac_cv_prog_PDFLATEX=pdflatex
ac_cv_prog_ac_ct_CC=gcc
ac_cv_prog_cc_c11=
ac_cv_prog_cc_g=yes
ac_cv_prog_cc_stdc=
ac_cv_prog_make_make_set=yes
ac_cv_type_size_t=yes
am_cv_CC_dependencies_compiler_type=gcc3
am_cv_make_support_nested_variables=yes
am_cv_prog_cc_c_o=yes

## ----------------- ##
## Output variables. ##
## ----------------- ##

ACLOCAL='${SHELL} '\''/home/christophe/work/phyml/phyml_profil/missing'\'' aclocal-1.16'
AMDEPBACKSLASH='\'
AMDEP_FALSE='#'
AMDEP_TRUE=''
AMTAR='$${TAR-tar}'
AM_BACKSLASH='\'
AM_DEFAULT_V='$(AM_DEFAULT_VERBOSITY)'
AM_DEFAULT_VERBOSITY='1'
AM_V='$(V)'
AUTOCONF='${SHELL} '\''/home/christophe/work/phyml/phyml_profil/missing'\'' autoconf'
AUTOHEADER='${SHELL} '\''/home/christophe/work/phyml/phyml_profil/missing'\'' autoheader'
AUTOMAKE='${SHELL} '\''/home/christophe/work/phyml/phyml_profil/missing'\'' automake-1.16'
AWK='mawk'
CC='gcc'
CCDEPMODE='depmode=gcc3'
CFLAGS='-std=c99 -O3 -fomit-frame-pointer -funroll-loops -Wall -Winline -finline -march=native'
CPPFLAGS=''
CSCOPE='cscope'
CTAGS='ctags'
CYGPATH_W='echo'
DEFS='-DHAVE_CONFIG_H'
DEPDIR='.deps'
ECHO_C=''
ECHO_N='-n'
ECHO_T=''
EGREP='/usr/bin/grep -E'
ETAGS='etags'
EXEEXT=''
GREP='/usr/bin/grep'
HAVE_PDFLATEX_FALSE='#'
HAVE_PDFLATEX_TRUE=''
INSTALL_DATA='${INSTALL} -m 644'
INSTALL_PROGRAM='${INSTALL}'
INSTALL_SCRIPT='${INSTALL}'
INSTALL_STRIP_PROGRAM='$(install_sh) -c -s'
LATEX='latex'
LDFLAGS=''
LIBOBJS=''
LIBS='-lm '
LTLIBOBJS=''
MAKEINFO='${SHELL} '\''/home/christophe/work/phyml/phyml_profil/missing'\'' makeinfo'
MKDIR_P='/usr/bin/mkdir -p'
OBJEXT='o'
PACKAGE='phyml'
PACKAGE_BUGREPORT='stephane.guindon@lirmm.fr'
PACKAGE_NAME='PhyML'
PACKAGE_STRING='PhyML 3.3.20241207'
PACKAGE_TARNAME='phyml'
PACKAGE_URL=''
PACKAGE_VERSION='3.3.20241207'
PATH_SEPARATOR=':'
PDFLATEX='pdflatex'
SET_MAKE=''
SHELL='/bin/bash'
STRIP=''
VERSION='3.3.20241207'
WANT_DATE_FALSE=''
WANT_DATE_TRUE='#'
WANT_EVOLVE_FALSE=''
WANT_EVOLVE_TRUE='#'
WANT_MPI_FALSE=''
WANT_MPI_TRUE='#'
WANT_PHYML_FALSE='#'
WANT_PHYML_TRUE=''
WANT_PHYREXSIM_FALSE=''
WANT_PHYREXSIM_TRUE='#'
WANT_PHYREX_FALSE=''
WANT_PHYREX_TRUE='#'
WANT_PHYTIME_FALSE=''
WANT_PHYTIME_TRUE='#'
WANT_RF_FALSE=''
WANT_RF_TRUE='#'
WANT_RWRAP_FALSE=''
WANT_RWRAP_TRUE='#'
WANT_TEST_FALSE=''
WANT_TEST_TRUE='#'
WANT_WIN_FALSE=''
WANT_WIN_TRUE='#'
ac_ct_CC='gcc'
am__EXEEXT_FALSE=''
am__EXEEXT_TRUE='#'
am__fastdepCC_FALSE='#'
am__fastdepCC_TRUE=''
am__include='include'
am__isrc=''
am__leading_dot='.'
am__nodep='_no'
am__quote=''
am__tar='$${TAR-tar} chof - "$$tardir"'
am__untar='$${TAR-tar} xf -'
bindir='${exec_prefix}/bin'
build='x86_64-pc-linux-gnu'
build_alias=''
build_cpu='x86_64'
build_os='linux-gnu'
build_vendor='pc'
datadir='${datarootdir}'
datarootdir='${prefix}/share'
docdir='${datarootdir}/doc/${PACKAGE_TARNAME}'
dvidir='${docdir}'
exec_prefix='${prefix}'
host='x86_64-pc-linux-gnu'
host_alias=''
host_cpu='x86_64'
host_os='linux-gnu'
host_vendor='pc'
htmldir='${docdir}'
includedir='${prefix}/include'
infodir='${datarootdir}/info'
install_sh='${SHELL} /home/christophe/work/phyml/phyml_profil/install-sh'
libdir='${exec_prefix}/lib'
libexecdir='${exec_prefix}/libexec'
localedir='${datarootdir}/locale'
localstatedir='${prefix}/var'
mandir='${datarootdir}/man'
mkdir_p='$(MKDIR_P)'
oldincludedir='/usr/include'
pdfdir='${docdir}'
prefix='/usr/local'
program_transform_name='s,x,x,'
psdir='${docdir}'
runstatedir='${localstatedir}/run'
sbindir='${exec_prefix}/sbin'
sharedstatedir='${prefix}/com'
sysconfdir='${prefix}/etc'
target_alias=''

## ----------- ##
## confdefs.h. ##
## ----------- ##

/* confdefs.h */
#define PACKAGE_NAME "PhyML"
#define PACKAGE_TARNAME "phyml"
#define PACKAGE_VERSION "3.3.20241207"
#define PACKAGE_STRING "PhyML 3.3.20241207"
#define PACKAGE_BUGREPORT "stephane.guindon@lirmm.fr"
#define PACKAGE_URL ""
#define PACKAGE "phyml"
#define VERSION "3.3.20241207"
#define UNIX 1
#define DEBUG 1
#define HAVE_LIBM 1
#define HAVE_STDIO_H 1
#define HAVE_STDLIB_H 1
#define HAVE_STRING_H 1
#define HAVE_INTTYPES_H 1
#define HAVE_STDINT_H 1
#define HAVE_STRINGS_H 1
#define HAVE_SYS_STAT_H 1
#define HAVE_SYS_TYPES_H 1
#define HAVE_UNISTD_H 1
#define STDC_HEADERS 1
#define HAVE_FLOAT_H 1
#define HAVE_STDLIB_H 1
#define HAVE_STRING_H 1
#define HAVE_UNISTD_H 1
#define HAVE_MALLOC 1
#define HAVE_REALLOC 1
#define HAVE_VPRINTF 1
#define HAVE_FLOOR 1
#define HAVE_POW 1
#define HAVE_RINT 1
#define HAVE_SQRT 1
#define HAVE_STRCHR 1
#define HAVE_STRSTR 1
#define PHYML 1
#define PHYML 1

configure: exit 0
